time="2022-01-04 19:50:24.576" level=info msg="Http Server started :9008 ..."
time="2022-01-04 20:00:39.162" level=info msg="Get signal:interrupt"
time="2022-01-04 20:00:51.997" level=info msg="Http Server started :9008 ..."
time="2022-01-04 20:02:23.987" level=info msg="Get signal:interrupt"
time="2022-01-04 20:02:33.147" level=info msg="Http Server started :9008 ..."
time="2022-01-04 20:04:18.526" level=info msg="Get signal:interrupt"
time="2022-01-04 20:05:17.586" level=info msg="Http Server started :9008 ..."
time="2022-01-04 20:30:28.217" level=info msg="Get signal:interrupt"
time="2022-01-04 20:59:00.293" level=info msg="Http Server started :9008 ..."
time="2022-01-04 20:59:41.555" level=info msg="Http Server started :9008 ..."
time="2022-01-04 21:03:05.292" level=info msg="Http Server started :9008 ..."
time="2022-01-04 21:04:48.772" level=info msg="Http Server started :9008 ..."
time="2022-01-04 21:13:02.957" level=info msg="Http Server started :9008 ..."
time="2022-01-04 21:13:12.834" level=error msg="{ 0 0 0 [97 100 100 114 101 115 115 45 91 58 58 49 93 58 53 48 55 50 56] [123 13 10 32 32 32 32 34 100 97 116 97 34 58 34 72 101 108 108 111 45 97 112 105 34 13 10 125] [] 0001-01-01 00:00:00 +0000 UTC}"
time="2022-01-04 21:13:15.836" level=fatal msg="dial tcp: i/o timeout"
time="2022-01-04 21:14:51.248" level=info msg="Http Server started :9008 ..."
time="2022-01-04 21:14:59.215" level=error msg="[34 72 101 108 108 111 45 97 112 105 34]"
time="2022-01-04 21:15:02.226" level=fatal msg="dial tcp: i/o timeout"
time="2022-01-04 21:18:44.534" level=info msg="Http Server started :9008 ..."
time="2022-01-04 21:18:54.656" level=info msg="[34 72 101 108 108 111 45 97 112 105 34]"
time="2022-01-04 21:18:58.091" level=fatal msg="[5] Leader Not Available: the cluster is in the middle of a leadership election and there is currently no leader for this partition and hence it is unavailable for writes"
time="2022-01-04 21:23:05.690" level=info msg="Http Server started :9008 ..."
time="2022-01-04 21:23:57.956" level=info msg="[34 72 101 108 108 111 45 97 112 105 34]"
time="2022-01-04 21:23:58.514" level=fatal msg="[5] Leader Not Available: the cluster is in the middle of a leadership election and there is currently no leader for this partition and hence it is unavailable for writes"
