time="2022-01-05 09:16:10.864" level=info msg="Http Server started :9008 ..."
time="2022-01-05 11:03:02.152" level=info msg="Get signal:interrupt"
time="2022-01-05 13:51:04.315" level=info msg="Http Server started :9008 ..."
time="2022-01-05 13:51:29.021" level=info msg="[97 100 100 114 101 115 115 45 49 50 55 46 48 46 48 46 49 58 54 49 51 52 48]"
time="2022-01-05 13:52:09.121" level=info msg="[97 100 100 114 101 115 115 45 49 50 55 46 48 46 48 46 49 58 54 49 51 52 48]"
time="2022-01-05 14:13:24.443" level=info msg="Get signal:interrupt"
time="2022-01-05 14:13:36.340" level=info msg="Http Server started :9008 ..."
time="2022-01-05 14:14:56.128" level=info msg="[97 100 100 114 101 115 115 45 49 50 55 46 48 46 48 46 49 58 53 49 51 57 57]"
time="2022-01-05 14:19:42.083" level=info msg="Get signal:interrupt"
time="2022-01-05 14:19:52.426" level=info msg="Http Server started :9008 ..."
time="2022-01-05 14:19:57.811" level=info msg="[97 100 100 114 101 115 115 45 49 50 55 46 48 46 48 46 49 58 53 54 57 48 56]"
time="2022-01-05 14:20:29.832" level=info msg="[97 100 100 114 101 115 115 45 49 50 55 46 48 46 48 46 49 58 53 54 57 48 56]"
time="2022-01-05 14:21:27.435" level=info msg="Get signal:interrupt"
time="2022-01-05 14:21:36.172" level=info msg="Http Server started :9008 ..."
time="2022-01-05 14:21:51.134" level=info msg="[97 100 100 114 101 115 115 45 49 50 55 46 48 46 48 46 49 58 54 48 56 51 55]"
time="2022-01-05 14:22:04.587" level=info msg="[97 100 100 114 101 115 115 45 49 50 55 46 48 46 48 46 49 58 54 48 56 51 55]"
time="2022-01-05 14:23:24.377" level=info msg="Get signal:interrupt"
time="2022-01-05 14:23:33.939" level=info msg="Http Server started :9008 ..."
time="2022-01-05 14:23:40.463" level=info msg="[97 100 100 114 101 115 115 45 49 50 55 46 48 46 48 46 49 58 54 53 53 50 57]"
time="2022-01-05 14:24:00.513" level=info msg="[97 100 100 114 101 115 115 45 49 50 55 46 48 46 48 46 49 58 54 53 53 50 57]"
time="2022-01-05 14:24:11.750" level=info msg="[97 100 100 114 101 115 115 45 49 50 55 46 48 46 48 46 49 58 54 53 53 50 57]"
time="2022-01-05 14:24:29.287" level=info msg="[97 100 100 114 101 115 115 45 49 50 55 46 48 46 48 46 49 58 54 53 53 50 57]"
time="2022-01-05 14:25:58.516" level=info msg="Get signal:interrupt"
time="2022-01-05 14:26:14.457" level=info msg="Http Server started :9008 ..."
time="2022-01-05 14:26:27.260" level=info msg="[97 100 100 114 101 115 115 45 49 50 55 46 48 46 48 46 49 58 54 50 55 50 50]"
time="2022-01-05 14:26:29.830" level=info msg="[97 100 100 114 101 115 115 45 49 50 55 46 48 46 48 46 49 58 54 50 55 50 50]"
time="2022-01-05 14:26:33.859" level=info msg="[97 100 100 114 101 115 115 45 49 50 55 46 48 46 48 46 49 58 54 50 55 50 50]"
time="2022-01-05 14:26:36.846" level=info msg="[97 100 100 114 101 115 115 45 49 50 55 46 48 46 48 46 49 58 54 50 55 50 50]"
time="2022-01-05 14:32:44.712" level=info msg="Get signal:interrupt"
time="2022-01-05 14:32:54.731" level=info msg="Http Server started :9008 ..."
time="2022-01-05 14:33:03.921" level=info msg="[97 100 100 114 101 115 115 45 49 50 55 46 48 46 48 46 49 58 54 50 48 54 50]"
time="2022-01-05 14:33:14.405" level=info msg="[97 100 100 114 101 115 115 45 49 50 55 46 48 46 48 46 49 58 54 50 48 54 50]"
time="2022-01-05 14:33:19.846" level=info msg="[97 100 100 114 101 115 115 45 49 50 55 46 48 46 48 46 49 58 54 50 48 54 50]"
time="2022-01-05 14:33:22.882" level=info msg="[97 100 100 114 101 115 115 45 49 50 55 46 48 46 48 46 49 58 54 50 48 54 50]"
time="2022-01-05 14:33:37.375" level=info msg="Get signal:interrupt"
time="2022-01-05 14:34:04.298" level=info msg="Http Server started :9008 ..."
time="2022-01-05 14:34:12.859" level=info msg="[97 100 100 114 101 115 115 45 49 50 55 46 48 46 48 46 49 58 54 50 49 51 53]"
time="2022-01-05 14:34:22.933" level=info msg="[97 100 100 114 101 115 115 45 49 50 55 46 48 46 48 46 49 58 54 50 49 51 53]"
time="2022-01-05 14:34:24.749" level=info msg="[97 100 100 114 101 115 115 45 49 50 55 46 48 46 48 46 49 58 54 50 49 51 53]"
time="2022-01-05 14:34:31.854" level=info msg="[97 100 100 114 101 115 115 45 49 50 55 46 48 46 48 46 49 58 54 50 49 51 53]"
time="2022-01-05 14:43:09.456" level=info msg="Get signal:interrupt"
time="2022-01-05 14:43:19.461" level=info msg="Http Server started :9008 ..."
time="2022-01-05 14:43:27.354" level=info msg="[97 100 100 114 101 115 115 45 49 50 55 46 48 46 48 46 49 58 53 52 54 55 50]"
time="2022-01-05 14:43:35.831" level=info msg="[97 100 100 114 101 115 115 45 49 50 55 46 48 46 48 46 49 58 53 52 54 55 50]"
time="2022-01-05 14:43:42.686" level=info msg="[97 100 100 114 101 115 115 45 49 50 55 46 48 46 48 46 49 58 53 52 54 55 50]"
time="2022-01-05 14:43:50.844" level=info msg="[97 100 100 114 101 115 115 45 49 50 55 46 48 46 48 46 49 58 53 52 54 55 50]"
time="2022-01-05 14:43:54.982" level=info msg="[97 100 100 114 101 115 115 45 49 50 55 46 48 46 48 46 49 58 53 52 54 55 50]"
time="2022-01-05 14:44:18.239" level=info msg="[97 100 100 114 101 115 115 45 49 50 55 46 48 46 48 46 49 58 53 52 54 55 50]"
time="2022-01-05 14:44:27.296" level=info msg="[97 100 100 114 101 115 115 45 49 50 55 46 48 46 48 46 49 58 53 52 54 55 50]"
time="2022-01-05 14:44:30.367" level=info msg="[97 100 100 114 101 115 115 45 49 50 55 46 48 46 48 46 49 58 53 52 54 55 50]"
time="2022-01-05 14:44:33.430" level=info msg="[97 100 100 114 101 115 115 45 49 50 55 46 48 46 48 46 49 58 53 52 54 55 50]"
time="2022-01-05 14:44:40.139" level=info msg="[97 100 100 114 101 115 115 45 49 50 55 46 48 46 48 46 49 58 53 52 54 55 50]"
time="2022-01-05 14:46:45.311" level=info msg="Get signal:interrupt"
time="2022-01-05 14:46:52.749" level=info msg="Http Server started :9008 ..."
time="2022-01-05 14:47:00.547" level=info msg="[97 100 100 114 101 115 115 45 49 50 55 46 48 46 48 46 49 58 54 53 52 51 51]"
time="2022-01-05 14:47:11.181" level=info msg="[97 100 100 114 101 115 115 45 49 50 55 46 48 46 48 46 49 58 54 53 52 51 51]"
time="2022-01-05 14:47:15.539" level=info msg="[97 100 100 114 101 115 115 45 49 50 55 46 48 46 48 46 49 58 54 53 52 51 51]"
time="2022-01-05 14:47:17.515" level=info msg="[97 100 100 114 101 115 115 45 49 50 55 46 48 46 48 46 49 58 54 53 52 51 51]"
time="2022-01-05 14:47:20.515" level=info msg="[97 100 100 114 101 115 115 45 49 50 55 46 48 46 48 46 49 58 54 53 52 51 51]"
time="2022-01-05 14:49:55.099" level=info msg="[97 100 100 114 101 115 115 45 49 50 55 46 48 46 48 46 49 58 54 53 52 51 51]"
time="2022-01-05 14:49:59.867" level=info msg="[97 100 100 114 101 115 115 45 49 50 55 46 48 46 48 46 49 58 54 53 52 51 51]"
time="2022-01-05 14:50:03.548" level=info msg="[97 100 100 114 101 115 115 45 49 50 55 46 48 46 48 46 49 58 54 53 52 51 51]"
time="2022-01-05 14:50:06.713" level=info msg="[97 100 100 114 101 115 115 45 49 50 55 46 48 46 48 46 49 58 54 53 52 51 51]"
time="2022-01-05 14:50:11.442" level=info msg="[97 100 100 114 101 115 115 45 49 50 55 46 48 46 48 46 49 58 54 53 52 51 51]"
time="2022-01-05 14:50:15.023" level=info msg="[97 100 100 114 101 115 115 45 49 50 55 46 48 46 48 46 49 58 54 53 52 51 51]"
time="2022-01-05 14:50:18.410" level=info msg="[97 100 100 114 101 115 115 45 49 50 55 46 48 46 48 46 49 58 54 53 52 51 51]"
time="2022-01-05 14:50:23.341" level=info msg="[97 100 100 114 101 115 115 45 49 50 55 46 48 46 48 46 49 58 54 53 52 51 51]"
time="2022-01-05 14:50:29.621" level=info msg="[97 100 100 114 101 115 115 45 49 50 55 46 48 46 48 46 49 58 54 53 52 51 51]"
time="2022-01-05 14:50:33.780" level=info msg="[97 100 100 114 101 115 115 45 49 50 55 46 48 46 48 46 49 58 54 53 52 51 51]"
time="2022-01-05 14:54:07.478" level=info msg="[97 100 100 114 101 115 115 45 49 50 55 46 48 46 48 46 49 58 54 53 52 51 51]"
time="2022-01-05 14:54:17.995" level=info msg="[97 100 100 114 101 115 115 45 49 50 55 46 48 46 48 46 49 58 54 53 52 51 51]"
time="2022-01-05 14:54:36.701" level=info msg="[97 100 100 114 101 115 115 45 49 50 55 46 48 46 48 46 49 58 54 53 52 51 51]"
time="2022-01-05 14:54:40.655" level=info msg="[97 100 100 114 101 115 115 45 49 50 55 46 48 46 48 46 49 58 54 53 52 51 51]"
time="2022-01-05 14:54:41.969" level=info msg="[97 100 100 114 101 115 115 45 49 50 55 46 48 46 48 46 49 58 54 53 52 51 51]"
time="2022-01-05 15:19:47.755" level=info msg="Get signal:interrupt"
time="2022-01-05 15:20:01.717" level=info msg="Http Server started :9008 ..."
time="2022-01-05 15:20:19.339" level=info msg="[97 100 100 114 101 115 115 45 49 50 55 46 48 46 48 46 49 58 53 50 55 50 52]"
time="2022-01-05 15:20:51.107" level=info msg="[97 100 100 114 101 115 115 45 49 50 55 46 48 46 48 46 49 58 53 50 55 50 52]"
time="2022-01-05 15:21:11.190" level=info msg="[97 100 100 114 101 115 115 45 49 50 55 46 48 46 48 46 49 58 53 50 55 50 52]"
time="2022-01-05 15:21:38.076" level=info msg="[97 100 100 114 101 115 115 45 49 50 55 46 48 46 48 46 49 58 53 50 55 50 52]"
time="2022-01-05 15:22:27.832" level=info msg="[97 100 100 114 101 115 115 45 49 50 55 46 48 46 48 46 49 58 53 50 55 50 52]"
time="2022-01-05 15:25:29.035" level=info msg="Get signal:interrupt"
time="2022-01-05 15:26:24.089" level=info msg="Http Server started :9008 ..."
time="2022-01-05 15:26:28.917" level=info msg="[97 100 100 114 101 115 115 45 49 50 55 46 48 46 48 46 49 58 53 52 55 53 51]"
time="2022-01-05 15:27:01.224" level=info msg="[97 100 100 114 101 115 115 45 49 50 55 46 48 46 48 46 49 58 53 52 55 53 51]"
time="2022-01-05 15:27:04.470" level=info msg="[97 100 100 114 101 115 115 45 49 50 55 46 48 46 48 46 49 58 53 52 55 53 51]"
time="2022-01-05 15:27:07.777" level=info msg="[97 100 100 114 101 115 115 45 49 50 55 46 48 46 48 46 49 58 53 52 55 53 51]"
time="2022-01-05 15:27:17.195" level=info msg="[97 100 100 114 101 115 115 45 49 50 55 46 48 46 48 46 49 58 53 52 55 53 51]"
time="2022-01-05 15:27:21.428" level=fatal msg="code: 62, message: Syntax error: failed at position 31 ('\x05') (line 2, col 30): \x05-api-log (\n\t\t\t_id              String,\n\t\t\tapiMethod        String,\n\t\t\turl              String,\n\t\t\tparams     Array(String),\n\t\t\texception  Array(String),\n\t\t\thtt. Unrecognized token: '\x05'"
time="2022-01-05 15:43:08.169" level=info msg="Http Server started :9008 ..."
time="2022-01-05 15:43:18.662" level=info msg="[97 100 100 114 101 115 115 45 49 50 55 46 48 46 48 46 49 58 54 52 55 51 56]"
time="2022-01-05 15:43:22.613" level=info msg="[97 100 100 114 101 115 115 45 49 50 55 46 48 46 48 46 49 58 54 52 55 51 56]"
time="2022-01-05 15:43:29.946" level=info msg="[97 100 100 114 101 115 115 45 49 50 55 46 48 46 48 46 49 58 54 52 55 51 56]"
time="2022-01-05 15:43:31.589" level=info msg="[97 100 100 114 101 115 115 45 49 50 55 46 48 46 48 46 49 58 54 52 55 51 56]"
time="2022-01-05 15:43:33.257" level=info msg="[97 100 100 114 101 115 115 45 49 50 55 46 48 46 48 46 49 58 54 52 55 51 56]"
time="2022-01-05 15:44:14.687" level=info msg="[97 100 100 114 101 115 115 45 49 50 55 46 48 46 48 46 49 58 54 52 55 51 56]"
time="2022-01-05 15:44:46.530" level=info msg="[97 100 100 114 101 115 115 45 49 50 55 46 48 46 48 46 49 58 54 52 55 51 56]"
time="2022-01-05 15:44:48.371" level=info msg="[97 100 100 114 101 115 115 45 49 50 55 46 48 46 48 46 49 58 54 52 55 51 56]"
time="2022-01-05 15:44:50.045" level=info msg="[97 100 100 114 101 115 115 45 49 50 55 46 48 46 48 46 49 58 54 52 55 51 56]"
time="2022-01-05 15:44:52.732" level=info msg="[97 100 100 114 101 115 115 45 49 50 55 46 48 46 48 46 49 58 54 52 55 51 56]"
time="2022-01-05 15:44:59.278" level=fatal msg="code: 62, message: Syntax error: failed at position 34 ('-') (line 2, col 33): -log (\n\t\t\t_id              String,\n\t\t\tapiMethod        String,\n\t\t\turl              String,\n\t\t\tparams     Array(String),\n\t\t\texception  Array(String),\n\t\t\thttpCode. Expected one of: storage definition, ENGINE, AS, UUID, OpeningRoundBracket, ON, Dot, token"
time="2022-01-05 15:45:55.587" level=info msg="Http Server started :9008 ..."
time="2022-01-05 15:46:03.307" level=info msg="[97 100 100 114 101 115 115 45 49 50 55 46 48 46 48 46 49 58 54 53 51 57 48]"
time="2022-01-05 15:46:04.876" level=info msg="[97 100 100 114 101 115 115 45 49 50 55 46 48 46 48 46 49 58 54 53 51 57 48]"
time="2022-01-05 15:46:06.828" level=info msg="[97 100 100 114 101 115 115 45 49 50 55 46 48 46 48 46 49 58 54 53 51 57 48]"
time="2022-01-05 15:46:17.299" level=info msg="[97 100 100 114 101 115 115 45 49 50 55 46 48 46 48 46 49 58 54 53 51 57 48]"
time="2022-01-05 15:46:18.969" level=info msg="[97 100 100 114 101 115 115 45 49 50 55 46 48 46 48 46 49 58 54 53 51 57 48]"
time="2022-01-05 15:46:28.557" level=info msg="[97 100 100 114 101 115 115 45 49 50 55 46 48 46 48 46 49 58 54 53 51 57 48]"
time="2022-01-05 15:46:59.230" level=info msg="[97 100 100 114 101 115 115 45 49 50 55 46 48 46 48 46 49 58 54 53 51 57 48]"
time="2022-01-05 15:47:01.030" level=info msg="[97 100 100 114 101 115 115 45 49 50 55 46 48 46 48 46 49 58 54 53 51 57 48]"
time="2022-01-05 15:47:02.455" level=info msg="[97 100 100 114 101 115 115 45 49 50 55 46 48 46 48 46 49 58 54 53 51 57 48]"
time="2022-01-05 15:47:04.098" level=info msg="[97 100 100 114 101 115 115 45 49 50 55 46 48 46 48 46 49 58 54 53 51 57 48]"
time="2022-01-05 15:47:05.768" level=info msg="[97 100 100 114 101 115 115 45 49 50 55 46 48 46 48 46 49 58 54 53 51 57 48]"
time="2022-01-05 17:06:38.474" level=info msg="Get signal:interrupt"
time="2022-01-05 17:07:59.233" level=info msg="Http Server started :9008 ..."
time="2022-01-05 17:12:57.410" level=info msg="[97 100 100 114 101 115 115 45 49 50 55 46 48 46 48 46 49 58 53 55 51 56 50]"
time="2022-01-05 17:34:56.364" level=info msg="[97 100 100 114 101 115 115 45 49 50 55 46 48 46 48 46 49 58 53 55 51 56 50]"
time="2022-01-05 17:35:19.923" level=info msg="[97 100 100 114 101 115 115 45 49 50 55 46 48 46 48 46 49 58 53 55 51 56 50]"
time="2022-01-05 17:35:50.698" level=info msg="[97 100 100 114 101 115 115 45 49 50 55 46 48 46 48 46 49 58 53 55 51 56 50]"
time="2022-01-05 17:36:53.442" level=info msg="Get signal:interrupt"
time="2022-01-05 17:37:34.588" level=info msg="Http Server started :9008 ..."
time="2022-01-05 17:37:45.145" level=info msg="[97 100 100 114 101 115 115 45 49 50 55 46 48 46 48 46 49 58 52 57 53 54 54]"
time="2022-01-05 17:38:51.694" level=info msg="Get signal:interrupt"
time="2022-01-05 17:39:01.169" level=info msg="Http Server started :9008 ..."
time="2022-01-05 17:39:05.530" level=info msg="[97 100 100 114 101 115 115 45 49 50 55 46 48 46 48 46 49 58 54 48 50 57 52]"
time="2022-01-05 17:56:40.160" level=info msg="Get signal:interrupt"
time="2022-01-05 17:56:54.322" level=info msg="Http Server started :9008 ..."
time="2022-01-05 17:57:12.141" level=info msg="[97 100 100 114 101 115 115 45 49 50 55 46 48 46 48 46 49 58 53 56 48 56 50]"
time="2022-01-05 17:58:19.188" level=info msg="Get signal:interrupt"
time="2022-01-05 18:05:57.640" level=info msg="Http Server started :9008 ..."
time="2022-01-05 18:06:06.519" level=info msg="[97 100 100 114 101 115 115 45 49 50 55 46 48 46 48 46 49 58 52 57 56 57 48]"
time="2022-01-05 18:06:58.803" level=info msg="Get signal:interrupt"
time="2022-01-05 18:09:52.259" level=info msg="Http Server started :9008 ..."
time="2022-01-05 18:09:59.832" level=info msg="[97 100 100 114 101 115 115 45 49 50 55 46 48 46 48 46 49 58 53 50 53 52 48]"
time="2022-01-05 18:10:52.266" level=info msg="Get signal:interrupt"
time="2022-01-05 18:11:04.604" level=info msg="Http Server started :9008 ..."
time="2022-01-05 18:11:10.931" level=info msg="[97 100 100 114 101 115 115 45 49 50 55 46 48 46 48 46 49 58 53 53 50 50 49]"
time="2022-01-05 18:14:10.748" level=info msg="Get signal:interrupt"
time="2022-01-05 18:14:21.520" level=info msg="Http Server started :9008 ..."
time="2022-01-05 18:14:36.066" level=info msg="[97 100 100 114 101 115 115 45 49 50 55 46 48 46 48 46 49 58 53 48 51 48 48]"
time="2022-01-05 18:15:58.482" level=info msg="Get signal:interrupt"
time="2022-01-05 18:16:11.199" level=info msg="Http Server started :9008 ..."
time="2022-01-05 18:16:16.093" level=info msg="[97 100 100 114 101 115 115 45 49 50 55 46 48 46 48 46 49 58 54 51 51 50 56]"
time="2022-01-05 18:17:35.904" level=info msg="Get signal:interrupt"
time="2022-01-05 18:17:47.842" level=info msg="Http Server started :9008 ..."
time="2022-01-05 18:17:55.263" level=info msg="[97 100 100 114 101 115 115 45 49 50 55 46 48 46 48 46 49 58 53 54 57 51 52]"
time="2022-01-05 18:21:49.290" level=info msg="Get signal:interrupt"
time="2022-01-05 18:22:01.342" level=info msg="Http Server started :9008 ..."
time="2022-01-05 18:22:08.106" level=info msg="[97 100 100 114 101 115 115 45 49 50 55 46 48 46 48 46 49 58 53 55 55 51 53]"
time="2022-01-05 18:23:01.140" level=info msg="Get signal:interrupt"
time="2022-01-05 18:23:12.871" level=info msg="Http Server started :9008 ..."
time="2022-01-05 18:23:21.047" level=info msg="[97 100 100 114 101 115 115 45 49 50 55 46 48 46 48 46 49 58 54 51 57 56 51]"
time="2022-01-05 18:24:14.570" level=info msg="Get signal:interrupt"
time="2022-01-05 18:24:26.234" level=info msg="Http Server started :9008 ..."
time="2022-01-05 18:24:31.287" level=info msg="[97 100 100 114 101 115 115 45 49 50 55 46 48 46 48 46 49 58 53 51 50 54 53]"
time="2022-01-05 18:25:28.019" level=info msg="Get signal:interrupt"
time="2022-01-05 19:53:26.601" level=info msg="Http Server started :9008 ..."
time="2022-01-05 19:53:31.303" level=info msg="[97 100 100 114 101 115 115 45 49 50 55 46 48 46 48 46 49 58 53 53 48 57 50]"
time="2022-01-05 19:53:38.841" level=fatal msg="code: 62, message: Syntax error: failed at position 143 ('[') (line 6, col 21): []String),\n\t\t\texception  String,\n\t\t\thttpCode   UInt8,\n\t\t\tresponse   Array([]String),\n\t\t\tlogLever  String,\n\t\t\tcreateAt  DateTime\n\t\t) engine=Memory\n\t. Expected one of: number, nested table, literal, NULL, identifier, data type argument, string literal, name and type pair list, list of elements, data type, list, delimited by binary operators, name and type pair"
time="2022-01-05 19:57:30.084" level=info msg="Http Server started :9008 ..."
time="2022-01-05 19:57:36.518" level=info msg="[97 100 100 114 101 115 115 45 49 50 55 46 48 46 48 46 49 58 52 57 52 52 49]"
time="2022-01-05 19:59:30.242" level=info msg="Get signal:interrupt"
time="2022-01-05 19:59:53.439" level=info msg="Http Server started :9008 ..."
time="2022-01-05 20:00:00.096" level=info msg="[97 100 100 114 101 115 115 45 49 50 55 46 48 46 48 46 49 58 53 51 49 57 52]"
time="2022-01-05 20:00:25.531" level=info msg="Get signal:interrupt"
time="2022-01-05 20:01:05.658" level=info msg="Http Server started :9008 ..."
time="2022-01-05 20:01:12.995" level=info msg="[97 100 100 114 101 115 115 45 49 50 55 46 48 46 48 46 49 58 54 49 52 54 53]"
time="2022-01-05 20:02:03.095" level=info msg="Get signal:interrupt"
time="2022-01-05 20:02:14.757" level=info msg="Http Server started :9008 ..."
time="2022-01-05 20:02:20.856" level=info msg="[97 100 100 114 101 115 115 45 49 50 55 46 48 46 48 46 49 58 52 57 57 48 48]"
time="2022-01-05 20:02:28.856" level=fatal msg="httpCode (UInt8): unexpected type string"
time="2022-01-05 20:04:02.470" level=info msg="Http Server started :9008 ..."
time="2022-01-05 20:04:07.146" level=info msg="[97 100 100 114 101 115 115 45 49 50 55 46 48 46 48 46 49 58 53 51 49 50 51]"
time="2022-01-05 20:04:51.337" level=info msg="[97 100 100 114 101 115 115 45 49 50 55 46 48 46 48 46 49 58 53 51 49 50 51]"
time="2022-01-05 20:05:48.172" level=info msg="[97 100 100 114 101 115 115 45 49 50 55 46 48 46 48 46 49 58 53 51 49 50 51]"
time="2022-01-05 20:06:28.737" level=info msg="Get signal:interrupt"
time="2022-01-05 20:06:40.551" level=info msg="Http Server started :9008 ..."
time="2022-01-05 20:06:47.182" level=info msg="[97 100 100 114 101 115 115 45 49 50 55 46 48 46 48 46 49 58 53 57 51 48 48]"
time="2022-01-05 20:07:34.666" level=info msg="[97 100 100 114 101 115 115 45 49 50 55 46 48 46 48 46 49 58 53 57 51 48 48]"
time="2022-01-05 20:07:36.318" level=info msg="[97 100 100 114 101 115 115 45 49 50 55 46 48 46 48 46 49 58 53 57 51 48 48]"
time="2022-01-05 20:07:37.887" level=info msg="[97 100 100 114 101 115 115 45 49 50 55 46 48 46 48 46 49 58 53 57 51 48 48]"
time="2022-01-05 20:16:13.386" level=info msg="Get signal:interrupt"
time="2022-01-05 20:17:22.595" level=info msg="Http Server started :9008 ..."
time="2022-01-05 20:17:27.644" level=info msg="[97 100 100 114 101 115 115 45 49 50 55 46 48 46 48 46 49 58 53 49 50 57 50]"
time="2022-01-05 20:18:02.863" level=info msg="Get signal:interrupt"
time="2022-01-05 20:18:10.245" level=info msg="Http Server started :9008 ..."
time="2022-01-05 20:20:19.164" level=info msg="[97 100 100 114 101 115 115 45 49 50 55 46 48 46 48 46 49 58 53 52 53 50 48]"
time="2022-01-05 20:20:20.185" level=info msg="[97 100 100 114 101 115 115 45 49 50 55 46 48 46 48 46 49 58 53 52 53 50 51]"
time="2022-01-05 20:20:21.187" level=info msg="[97 100 100 114 101 115 115 45 49 50 55 46 48 46 48 46 49 58 53 52 53 50 52]"
time="2022-01-05 20:20:22.189" level=info msg="[97 100 100 114 101 115 115 45 49 50 55 46 48 46 48 46 49 58 53 52 53 50 53]"
time="2022-01-05 20:20:23.235" level=info msg="[97 100 100 114 101 115 115 45 49 50 55 46 48 46 48 46 49 58 53 52 53 50 55]"
time="2022-01-05 20:20:24.247" level=info msg="[97 100 100 114 101 115 115 45 49 50 55 46 48 46 48 46 49 58 53 52 53 50 56]"
time="2022-01-05 20:20:25.253" level=info msg="[97 100 100 114 101 115 115 45 49 50 55 46 48 46 48 46 49 58 53 52 53 51 48]"
time="2022-01-05 20:20:26.265" level=info msg="[97 100 100 114 101 115 115 45 49 50 55 46 48 46 48 46 49 58 53 52 53 51 49]"
time="2022-01-05 20:20:27.273" level=info msg="[97 100 100 114 101 115 115 45 49 50 55 46 48 46 48 46 49 58 53 52 53 51 50]"
time="2022-01-05 20:20:28.280" level=info msg="[97 100 100 114 101 115 115 45 49 50 55 46 48 46 48 46 49 58 53 52 53 51 51]"
time="2022-01-05 20:20:29.282" level=info msg="[97 100 100 114 101 115 115 45 49 50 55 46 48 46 48 46 49 58 53 57 49 57 52]"
time="2022-01-05 20:20:30.286" level=info msg="[97 100 100 114 101 115 115 45 49 50 55 46 48 46 48 46 49 58 53 57 49 57 53]"
time="2022-01-05 20:20:31.292" level=info msg="[97 100 100 114 101 115 115 45 49 50 55 46 48 46 48 46 49 58 53 57 49 57 54]"
time="2022-01-05 20:20:32.301" level=info msg="[97 100 100 114 101 115 115 45 49 50 55 46 48 46 48 46 49 58 53 57 49 57 55]"
time="2022-01-05 20:20:33.372" level=info msg="[97 100 100 114 101 115 115 45 49 50 55 46 48 46 48 46 49 58 53 49 52 48 55]"
time="2022-01-05 20:20:34.373" level=info msg="[97 100 100 114 101 115 115 45 49 50 55 46 48 46 48 46 49 58 53 49 52 48 56]"
time="2022-01-05 20:20:35.382" level=info msg="[97 100 100 114 101 115 115 45 49 50 55 46 48 46 48 46 49 58 53 49 52 48 57]"
time="2022-01-05 20:20:36.385" level=info msg="[97 100 100 114 101 115 115 45 49 50 55 46 48 46 48 46 49 58 53 49 52 49 48]"
time="2022-01-05 20:20:37.386" level=info msg="[97 100 100 114 101 115 115 45 49 50 55 46 48 46 48 46 49 58 53 49 52 49 49]"
time="2022-01-05 20:20:38.391" level=info msg="[97 100 100 114 101 115 115 45 49 50 55 46 48 46 48 46 49 58 53 49 52 49 50]"
time="2022-01-05 20:29:49.453" level=info msg="Get signal:interrupt"
time="2022-01-05 20:30:02.218" level=info msg="Http Server started :9008 ..."
time="2022-01-05 20:30:50.395" level=info msg="[97 100 100 114 101 115 115 45 49 50 55 46 48 46 48 46 49 58 53 53 48 55 51]"
time="2022-01-05 20:30:51.423" level=info msg="[97 100 100 114 101 115 115 45 49 50 55 46 48 46 48 46 49 58 53 53 48 55 54]"
time="2022-01-05 20:30:52.433" level=info msg="[97 100 100 114 101 115 115 45 49 50 55 46 48 46 48 46 49 58 53 53 48 55 55]"
time="2022-01-05 20:30:53.439" level=info msg="[97 100 100 114 101 115 115 45 49 50 55 46 48 46 48 46 49 58 53 53 48 55 56]"
time="2022-01-05 20:30:54.456" level=info msg="[97 100 100 114 101 115 115 45 49 50 55 46 48 46 48 46 49 58 53 53 48 55 57]"
time="2022-01-05 20:30:55.460" level=info msg="[97 100 100 114 101 115 115 45 49 50 55 46 48 46 48 46 49 58 53 48 49 48 49]"
time="2022-01-05 20:30:56.467" level=info msg="[97 100 100 114 101 115 115 45 49 50 55 46 48 46 48 46 49 58 53 48 49 48 50]"
time="2022-01-05 20:30:57.472" level=info msg="[97 100 100 114 101 115 115 45 49 50 55 46 48 46 48 46 49 58 53 48 49 48 51]"
time="2022-01-05 20:30:58.474" level=info msg="[97 100 100 114 101 115 115 45 49 50 55 46 48 46 48 46 49 58 54 52 49 50 54]"
time="2022-01-05 20:30:59.489" level=info msg="[97 100 100 114 101 115 115 45 49 50 55 46 48 46 48 46 49 58 54 51 55 48 57]"
time="2022-01-05 20:31:00.495" level=info msg="[97 100 100 114 101 115 115 45 49 50 55 46 48 46 48 46 49 58 54 53 49 53 53]"
time="2022-01-05 20:31:01.497" level=info msg="[97 100 100 114 101 115 115 45 49 50 55 46 48 46 48 46 49 58 54 53 49 53 54]"
time="2022-01-05 20:31:02.499" level=info msg="[97 100 100 114 101 115 115 45 49 50 55 46 48 46 48 46 49 58 54 53 49 53 55]"
time="2022-01-05 20:31:03.500" level=info msg="[97 100 100 114 101 115 115 45 49 50 55 46 48 46 48 46 49 58 54 53 49 53 56]"
time="2022-01-05 20:31:04.522" level=info msg="[97 100 100 114 101 115 115 45 49 50 55 46 48 46 48 46 49 58 54 53 49 54 48]"
time="2022-01-05 20:31:05.531" level=info msg="[97 100 100 114 101 115 115 45 49 50 55 46 48 46 48 46 49 58 54 53 49 54 49]"
time="2022-01-05 20:31:06.534" level=info msg="[97 100 100 114 101 115 115 45 49 50 55 46 48 46 48 46 49 58 54 53 52 56 53]"
time="2022-01-05 20:31:07.539" level=info msg="[97 100 100 114 101 115 115 45 49 50 55 46 48 46 48 46 49 58 54 53 52 56 55]"
time="2022-01-05 20:31:08.551" level=info msg="[97 100 100 114 101 115 115 45 49 50 55 46 48 46 48 46 49 58 54 53 52 56 56]"
time="2022-01-05 20:31:09.563" level=info msg="[97 100 100 114 101 115 115 45 49 50 55 46 48 46 48 46 49 58 54 53 52 57 48]"
time="2022-01-05 20:32:22.713" level=info msg="[97 100 100 114 101 115 115 45 49 50 55 46 48 46 48 46 49 58 54 50 49 48 54]"
time="2022-01-05 20:32:23.726" level=info msg="[97 100 100 114 101 115 115 45 49 50 55 46 48 46 48 46 49 58 54 50 49 48 57]"
time="2022-01-05 20:32:24.748" level=info msg="[97 100 100 114 101 115 115 45 49 50 55 46 48 46 48 46 49 58 54 50 49 49 51]"
time="2022-01-05 20:32:25.756" level=info msg="[97 100 100 114 101 115 115 45 49 50 55 46 48 46 48 46 49 58 54 50 49 49 52]"
time="2022-01-05 20:32:26.765" level=info msg="[97 100 100 114 101 115 115 45 49 50 55 46 48 46 48 46 49 58 54 50 49 49 53]"
time="2022-01-05 20:32:27.770" level=info msg="[97 100 100 114 101 115 115 45 49 50 55 46 48 46 48 46 49 58 54 50 49 49 54]"
time="2022-01-05 20:32:28.787" level=info msg="[97 100 100 114 101 115 115 45 49 50 55 46 48 46 48 46 49 58 54 50 49 49 55]"
time="2022-01-05 20:32:29.798" level=info msg="[97 100 100 114 101 115 115 45 49 50 55 46 48 46 48 46 49 58 54 50 49 49 56]"
time="2022-01-05 20:32:30.800" level=info msg="[97 100 100 114 101 115 115 45 49 50 55 46 48 46 48 46 49 58 53 50 49 51 49]"
time="2022-01-05 20:32:31.802" level=info msg="[97 100 100 114 101 115 115 45 49 50 55 46 48 46 48 46 49 58 53 50 49 51 50]"
time="2022-01-05 20:32:32.806" level=info msg="[97 100 100 114 101 115 115 45 49 50 55 46 48 46 48 46 49 58 52 57 51 55 57]"
time="2022-01-05 20:32:33.808" level=info msg="[97 100 100 114 101 115 115 45 49 50 55 46 48 46 48 46 49 58 53 56 56 49 48]"
time="2022-01-05 20:32:34.816" level=info msg="[97 100 100 114 101 115 115 45 49 50 55 46 48 46 48 46 49 58 53 56 56 49 50]"
time="2022-01-05 20:32:35.847" level=info msg="[97 100 100 114 101 115 115 45 49 50 55 46 48 46 48 46 49 58 53 56 56 49 52]"
time="2022-01-05 20:32:36.851" level=info msg="[97 100 100 114 101 115 115 45 49 50 55 46 48 46 48 46 49 58 53 56 56 49 53]"
time="2022-01-05 20:32:37.862" level=info msg="[97 100 100 114 101 115 115 45 49 50 55 46 48 46 48 46 49 58 53 56 56 49 54]"
time="2022-01-05 20:32:38.866" level=info msg="[97 100 100 114 101 115 115 45 49 50 55 46 48 46 48 46 49 58 53 56 56 49 55]"
time="2022-01-05 20:32:39.868" level=info msg="[97 100 100 114 101 115 115 45 49 50 55 46 48 46 48 46 49 58 54 52 56 48 49]"
time="2022-01-05 20:32:40.871" level=info msg="[97 100 100 114 101 115 115 45 49 50 55 46 48 46 48 46 49 58 53 57 52 49 49]"
time="2022-01-05 20:32:41.874" level=info msg="[97 100 100 114 101 115 115 45 49 50 55 46 48 46 48 46 49 58 53 57 52 49 50]"
time="2022-01-05 20:32:42.880" level=info msg="[97 100 100 114 101 115 115 45 49 50 55 46 48 46 48 46 49 58 53 57 52 49 51]"
time="2022-01-05 20:32:43.883" level=info msg="[97 100 100 114 101 115 115 45 49 50 55 46 48 46 48 46 49 58 53 57 52 49 54]"
time="2022-01-05 20:32:44.931" level=info msg="[97 100 100 114 101 115 115 45 49 50 55 46 48 46 48 46 49 58 53 57 52 49 57]"
time="2022-01-05 20:32:45.944" level=info msg="[97 100 100 114 101 115 115 45 49 50 55 46 48 46 48 46 49 58 53 57 52 50 48]"
time="2022-01-05 20:32:46.947" level=info msg="[97 100 100 114 101 115 115 45 49 50 55 46 48 46 48 46 49 58 53 49 50 51 52]"
time="2022-01-05 20:32:47.952" level=info msg="[97 100 100 114 101 115 115 45 49 50 55 46 48 46 48 46 49 58 53 49 50 51 53]"
time="2022-01-05 20:32:48.983" level=info msg="[97 100 100 114 101 115 115 45 49 50 55 46 48 46 48 46 49 58 53 49 50 51 55]"
time="2022-01-05 20:32:49.986" level=info msg="[97 100 100 114 101 115 115 45 49 50 55 46 48 46 48 46 49 58 53 49 50 51 56]"
time="2022-01-05 20:32:51.005" level=info msg="[97 100 100 114 101 115 115 45 49 50 55 46 48 46 48 46 49 58 54 52 53 48 49]"
time="2022-01-05 20:32:52.017" level=info msg="[97 100 100 114 101 115 115 45 49 50 55 46 48 46 48 46 49 58 54 52 53 48 50]"
time="2022-01-05 20:32:53.032" level=info msg="[97 100 100 114 101 115 115 45 49 50 55 46 48 46 48 46 49 58 54 52 53 48 51]"
time="2022-01-05 20:32:54.040" level=info msg="[97 100 100 114 101 115 115 45 49 50 55 46 48 46 48 46 49 58 54 49 49 57 49]"
time="2022-01-05 20:32:55.046" level=info msg="[97 100 100 114 101 115 115 45 49 50 55 46 48 46 48 46 49 58 54 51 56 53 56]"
time="2022-01-05 20:33:20.611" level=info msg="[97 100 100 114 101 115 115 45 49 50 55 46 48 46 48 46 49 58 54 49 54 55 53]"
time="2022-01-05 20:33:21.615" level=info msg="[97 100 100 114 101 115 115 45 49 50 55 46 48 46 48 46 49 58 53 50 56 49 51]"
time="2022-01-05 20:33:22.620" level=info msg="[97 100 100 114 101 115 115 45 49 50 55 46 48 46 48 46 49 58 53 53 53 49 51]"
time="2022-01-05 20:33:23.625" level=info msg="[97 100 100 114 101 115 115 45 49 50 55 46 48 46 48 46 49 58 54 49 53 56 56]"
time="2022-01-05 20:33:24.630" level=info msg="[97 100 100 114 101 115 115 45 49 50 55 46 48 46 48 46 49 58 54 49 53 56 57]"
time="2022-01-05 20:33:25.640" level=info msg="[97 100 100 114 101 115 115 45 49 50 55 46 48 46 48 46 49 58 54 49 53 57 48]"
time="2022-01-05 20:33:26.657" level=info msg="[97 100 100 114 101 115 115 45 49 50 55 46 48 46 48 46 49 58 54 49 53 57 49]"
time="2022-01-05 20:34:50.448" level=info msg="[97 100 100 114 101 115 115 45 49 50 55 46 48 46 48 46 49 58 53 49 48 51 48]"
time="2022-01-05 20:35:11.752" level=info msg="[97 100 100 114 101 115 115 45 49 50 55 46 48 46 48 46 49 58 53 49 57 56 54]"
time="2022-01-05 20:35:12.754" level=info msg="[97 100 100 114 101 115 115 45 49 50 55 46 48 46 48 46 49 58 53 49 57 56 55]"
time="2022-01-05 20:35:21.873" level=info msg="[97 100 100 114 101 115 115 45 49 50 55 46 48 46 48 46 49 58 54 53 48 51 57]"
time="2022-01-05 20:35:22.876" level=info msg="[97 100 100 114 101 115 115 45 49 50 55 46 48 46 48 46 49 58 54 53 48 52 48]"
time="2022-01-05 20:35:23.883" level=info msg="[97 100 100 114 101 115 115 45 49 50 55 46 48 46 48 46 49 58 54 53 48 52 49]"
time="2022-01-05 20:35:24.896" level=info msg="[97 100 100 114 101 115 115 45 49 50 55 46 48 46 48 46 49 58 54 53 48 52 50]"
time="2022-01-05 20:35:25.912" level=info msg="[97 100 100 114 101 115 115 45 49 50 55 46 48 46 48 46 49 58 54 53 48 52 51]"
time="2022-01-05 20:35:26.917" level=info msg="[97 100 100 114 101 115 115 45 49 50 55 46 48 46 48 46 49 58 53 54 53 50 55]"
time="2022-01-05 20:35:27.920" level=info msg="[97 100 100 114 101 115 115 45 49 50 55 46 48 46 48 46 49 58 54 50 50 48 57]"
time="2022-01-05 20:37:38.762" level=info msg="Get signal:interrupt"
time="2022-01-05 20:37:51.351" level=info msg="Http Server started :9008 ..."
time="2022-01-05 20:38:39.044" level=info msg="[97 100 100 114 101 115 115 45 49 50 55 46 48 46 48 46 49 58 54 48 50 54 48]"
time="2022-01-05 20:38:40.057" level=info msg="[97 100 100 114 101 115 115 45 49 50 55 46 48 46 48 46 49 58 54 48 50 54 51]"
time="2022-01-05 20:38:41.064" level=info msg="[97 100 100 114 101 115 115 45 49 50 55 46 48 46 48 46 49 58 54 48 50 54 52]"
time="2022-01-05 20:38:42.074" level=info msg="[97 100 100 114 101 115 115 45 49 50 55 46 48 46 48 46 49 58 54 48 50 54 53]"
time="2022-01-05 20:38:43.079" level=info msg="[97 100 100 114 101 115 115 45 49 50 55 46 48 46 48 46 49 58 54 48 50 54 54]"
time="2022-01-05 20:38:44.083" level=info msg="[97 100 100 114 101 115 115 45 49 50 55 46 48 46 48 46 49 58 54 48 50 54 55]"
time="2022-01-05 20:38:45.087" level=info msg="[97 100 100 114 101 115 115 45 49 50 55 46 48 46 48 46 49 58 54 48 50 54 56]"
time="2022-01-05 20:38:46.089" level=info msg="[97 100 100 114 101 115 115 45 49 50 55 46 48 46 48 46 49 58 53 51 52 48 48]"
time="2022-01-05 20:38:47.093" level=info msg="[97 100 100 114 101 115 115 45 49 50 55 46 48 46 48 46 49 58 53 51 52 48 52]"
time="2022-01-05 20:38:48.097" level=info msg="[97 100 100 114 101 115 115 45 49 50 55 46 48 46 48 46 49 58 53 51 52 48 53]"
time="2022-01-05 20:38:49.104" level=info msg="[97 100 100 114 101 115 115 45 49 50 55 46 48 46 48 46 49 58 53 51 52 48 54]"
time="2022-01-05 20:38:50.107" level=info msg="[97 100 100 114 101 115 115 45 49 50 55 46 48 46 48 46 49 58 53 51 52 48 55]"
time="2022-01-05 20:38:51.113" level=info msg="[97 100 100 114 101 115 115 45 49 50 55 46 48 46 48 46 49 58 53 51 52 48 57]"
time="2022-01-05 20:38:52.121" level=info msg="[97 100 100 114 101 115 115 45 49 50 55 46 48 46 48 46 49 58 53 48 49 52 56]"
time="2022-01-05 20:38:53.127" level=info msg="[97 100 100 114 101 115 115 45 49 50 55 46 48 46 48 46 49 58 53 48 49 52 57]"
time="2022-01-05 20:38:54.133" level=info msg="[97 100 100 114 101 115 115 45 49 50 55 46 48 46 48 46 49 58 53 48 49 53 48]"
time="2022-01-05 20:38:55.140" level=info msg="[97 100 100 114 101 115 115 45 49 50 55 46 48 46 48 46 49 58 53 48 49 53 49]"
time="2022-01-05 20:38:56.144" level=info msg="[97 100 100 114 101 115 115 45 49 50 55 46 48 46 48 46 49 58 53 48 49 53 50]"
time="2022-01-05 20:38:57.146" level=info msg="[97 100 100 114 101 115 115 45 49 50 55 46 48 46 48 46 49 58 53 48 49 53 51]"
time="2022-01-05 20:38:58.149" level=info msg="[97 100 100 114 101 115 115 45 49 50 55 46 48 46 48 46 49 58 53 48 49 53 52]"
time="2022-01-05 20:38:59.151" level=info msg="[97 100 100 114 101 115 115 45 49 50 55 46 48 46 48 46 49 58 53 48 49 53 53]"
time="2022-01-05 20:39:00.156" level=info msg="[97 100 100 114 101 115 115 45 49 50 55 46 48 46 48 46 49 58 53 48 49 53 54]"
time="2022-01-05 20:39:01.160" level=info msg="[97 100 100 114 101 115 115 45 49 50 55 46 48 46 48 46 49 58 53 55 53 51 53]"
time="2022-01-05 20:39:02.167" level=info msg="[97 100 100 114 101 115 115 45 49 50 55 46 48 46 48 46 49 58 54 48 54 54 49]"
time="2022-01-05 20:39:03.180" level=info msg="[97 100 100 114 101 115 115 45 49 50 55 46 48 46 48 46 49 58 54 48 54 54 52]"
time="2022-01-05 20:39:04.188" level=info msg="[97 100 100 114 101 115 115 45 49 50 55 46 48 46 48 46 49 58 54 48 54 54 53]"
time="2022-01-05 20:39:05.191" level=info msg="[97 100 100 114 101 115 115 45 49 50 55 46 48 46 48 46 49 58 54 52 53 49 57]"
time="2022-01-05 20:39:06.201" level=info msg="[97 100 100 114 101 115 115 45 49 50 55 46 48 46 48 46 49 58 54 52 53 50 48]"
time="2022-01-05 20:39:07.205" level=info msg="[97 100 100 114 101 115 115 45 49 50 55 46 48 46 48 46 49 58 54 52 53 50 49]"
time="2022-01-05 20:39:08.212" level=info msg="[97 100 100 114 101 115 115 45 49 50 55 46 48 46 48 46 49 58 54 52 53 50 50]"
time="2022-01-05 20:39:09.216" level=info msg="[97 100 100 114 101 115 115 45 49 50 55 46 48 46 48 46 49 58 54 52 53 50 51]"
time="2022-01-05 20:39:10.220" level=info msg="[97 100 100 114 101 115 115 45 49 50 55 46 48 46 48 46 49 58 54 52 53 50 53]"
time="2022-01-05 20:39:11.228" level=info msg="[97 100 100 114 101 115 115 45 49 50 55 46 48 46 48 46 49 58 54 52 53 50 54]"
time="2022-01-05 20:39:12.231" level=info msg="[97 100 100 114 101 115 115 45 49 50 55 46 48 46 48 46 49 58 54 52 53 50 55]"
time="2022-01-05 20:39:13.234" level=info msg="[97 100 100 114 101 115 115 45 49 50 55 46 48 46 48 46 49 58 54 52 53 50 57]"
time="2022-01-05 20:39:14.239" level=info msg="[97 100 100 114 101 115 115 45 49 50 55 46 48 46 48 46 49 58 54 52 53 51 48]"
time="2022-01-05 20:39:15.311" level=info msg="[97 100 100 114 101 115 115 45 49 50 55 46 48 46 48 46 49 58 54 52 53 51 49]"
time="2022-01-05 20:39:16.343" level=info msg="[97 100 100 114 101 115 115 45 49 50 55 46 48 46 48 46 49 58 54 52 53 51 50]"
time="2022-01-05 20:39:17.350" level=info msg="[97 100 100 114 101 115 115 45 49 50 55 46 48 46 48 46 49 58 54 52 53 51 51]"
time="2022-01-05 20:39:18.354" level=info msg="[97 100 100 114 101 115 115 45 49 50 55 46 48 46 48 46 49 58 54 52 53 51 52]"
time="2022-01-05 20:39:19.357" level=info msg="[97 100 100 114 101 115 115 45 49 50 55 46 48 46 48 46 49 58 54 52 53 51 53]"
time="2022-01-05 20:39:20.361" level=info msg="[97 100 100 114 101 115 115 45 49 50 55 46 48 46 48 46 49 58 54 52 53 51 54]"
time="2022-01-05 20:39:21.374" level=info msg="[97 100 100 114 101 115 115 45 49 50 55 46 48 46 48 46 49 58 54 52 53 51 55]"
time="2022-01-05 20:39:22.396" level=info msg="[97 100 100 114 101 115 115 45 49 50 55 46 48 46 48 46 49 58 53 52 49 51 51]"
time="2022-01-05 20:39:23.402" level=info msg="[97 100 100 114 101 115 115 45 49 50 55 46 48 46 48 46 49 58 53 52 49 51 52]"
time="2022-01-05 20:39:24.422" level=info msg="[97 100 100 114 101 115 115 45 49 50 55 46 48 46 48 46 49 58 53 52 49 51 53]"
time="2022-01-05 20:39:25.429" level=info msg="[97 100 100 114 101 115 115 45 49 50 55 46 48 46 48 46 49 58 53 56 53 49 55]"
time="2022-01-05 20:39:26.433" level=info msg="[97 100 100 114 101 115 115 45 49 50 55 46 48 46 48 46 49 58 53 56 53 49 56]"
time="2022-01-05 20:39:27.451" level=info msg="[97 100 100 114 101 115 115 45 49 50 55 46 48 46 48 46 49 58 53 56 53 49 57]"
time="2022-01-05 20:39:28.459" level=info msg="[97 100 100 114 101 115 115 45 49 50 55 46 48 46 48 46 49 58 53 56 53 50 48]"
time="2022-01-05 20:39:29.464" level=info msg="[97 100 100 114 101 115 115 45 49 50 55 46 48 46 48 46 49 58 53 56 53 50 49]"
time="2022-01-05 20:39:30.467" level=info msg="[97 100 100 114 101 115 115 45 49 50 55 46 48 46 48 46 49 58 53 56 53 50 50]"
time="2022-01-05 20:39:31.472" level=info msg="[97 100 100 114 101 115 115 45 49 50 55 46 48 46 48 46 49 58 53 56 53 50 51]"
time="2022-01-05 20:39:32.481" level=info msg="[97 100 100 114 101 115 115 45 49 50 55 46 48 46 48 46 49 58 53 56 53 50 53]"
time="2022-01-05 20:39:33.503" level=info msg="[97 100 100 114 101 115 115 45 49 50 55 46 48 46 48 46 49 58 53 56 53 50 54]"
time="2022-01-05 20:39:34.523" level=info msg="[97 100 100 114 101 115 115 45 49 50 55 46 48 46 48 46 49 58 53 56 53 50 55]"
time="2022-01-05 20:39:35.530" level=info msg="[97 100 100 114 101 115 115 45 49 50 55 46 48 46 48 46 49 58 53 56 53 50 56]"
time="2022-01-05 20:39:36.532" level=info msg="[97 100 100 114 101 115 115 45 49 50 55 46 48 46 48 46 49 58 53 56 53 50 57]"
time="2022-01-05 20:39:37.551" level=info msg="[97 100 100 114 101 115 115 45 49 50 55 46 48 46 48 46 49 58 53 56 53 51 48]"
time="2022-01-05 20:39:38.555" level=info msg="[97 100 100 114 101 115 115 45 49 50 55 46 48 46 48 46 49 58 53 56 53 51 49]"
time="2022-01-05 20:39:39.559" level=info msg="[97 100 100 114 101 115 115 45 49 50 55 46 48 46 48 46 49 58 53 56 53 51 50]"
time="2022-01-05 20:39:40.566" level=info msg="[97 100 100 114 101 115 115 45 49 50 55 46 48 46 48 46 49 58 53 56 53 51 51]"
time="2022-01-05 20:39:41.574" level=info msg="[97 100 100 114 101 115 115 45 49 50 55 46 48 46 48 46 49 58 53 56 53 51 52]"
time="2022-01-05 20:39:42.582" level=info msg="[97 100 100 114 101 115 115 45 49 50 55 46 48 46 48 46 49 58 53 56 53 51 53]"
time="2022-01-05 20:39:43.614" level=info msg="[97 100 100 114 101 115 115 45 49 50 55 46 48 46 48 46 49 58 53 56 53 51 55]"
time="2022-01-05 20:39:44.620" level=info msg="[97 100 100 114 101 115 115 45 49 50 55 46 48 46 48 46 49 58 53 56 53 51 56]"
time="2022-01-05 20:39:45.626" level=info msg="[97 100 100 114 101 115 115 45 49 50 55 46 48 46 48 46 49 58 53 56 53 51 57]"
time="2022-01-05 20:39:46.629" level=info msg="[97 100 100 114 101 115 115 45 49 50 55 46 48 46 48 46 49 58 53 55 56 50 55]"
time="2022-01-05 20:39:47.634" level=info msg="[97 100 100 114 101 115 115 45 49 50 55 46 48 46 48 46 49 58 53 55 56 51 49]"
time="2022-01-05 20:39:48.637" level=info msg="[97 100 100 114 101 115 115 45 49 50 55 46 48 46 48 46 49 58 53 55 56 51 50]"
time="2022-01-05 20:39:49.640" level=info msg="[97 100 100 114 101 115 115 45 49 50 55 46 48 46 48 46 49 58 53 55 56 51 51]"
time="2022-01-05 20:39:50.653" level=info msg="[97 100 100 114 101 115 115 45 49 50 55 46 48 46 48 46 49 58 53 55 56 51 52]"
time="2022-01-05 20:39:51.666" level=info msg="[97 100 100 114 101 115 115 45 49 50 55 46 48 46 48 46 49 58 53 55 56 51 53]"
time="2022-01-05 20:39:52.670" level=info msg="[97 100 100 114 101 115 115 45 49 50 55 46 48 46 48 46 49 58 53 55 56 51 54]"
time="2022-01-05 20:39:53.680" level=info msg="[97 100 100 114 101 115 115 45 49 50 55 46 48 46 48 46 49 58 53 55 56 51 55]"
time="2022-01-05 20:39:54.688" level=info msg="[97 100 100 114 101 115 115 45 49 50 55 46 48 46 48 46 49 58 53 55 56 51 56]"
time="2022-01-05 20:39:55.693" level=info msg="[97 100 100 114 101 115 115 45 49 50 55 46 48 46 48 46 49 58 53 55 56 51 57]"
time="2022-01-05 20:39:56.702" level=info msg="[97 100 100 114 101 115 115 45 49 50 55 46 48 46 48 46 49 58 53 55 56 52 48]"
time="2022-01-05 20:39:57.722" level=info msg="[97 100 100 114 101 115 115 45 49 50 55 46 48 46 48 46 49 58 53 55 56 52 49]"
time="2022-01-05 20:39:58.726" level=info msg="[97 100 100 114 101 115 115 45 49 50 55 46 48 46 48 46 49 58 54 52 52 56 51]"
time="2022-01-05 20:39:59.732" level=info msg="[97 100 100 114 101 115 115 45 49 50 55 46 48 46 48 46 49 58 54 52 52 56 52]"
time="2022-01-05 20:40:00.737" level=info msg="[97 100 100 114 101 115 115 45 49 50 55 46 48 46 48 46 49 58 54 52 52 56 53]"
time="2022-01-05 20:40:01.743" level=info msg="[97 100 100 114 101 115 115 45 49 50 55 46 48 46 48 46 49 58 54 52 52 56 54]"
time="2022-01-05 20:40:02.747" level=info msg="[97 100 100 114 101 115 115 45 49 50 55 46 48 46 48 46 49 58 54 52 52 56 57]"
time="2022-01-05 20:40:03.750" level=info msg="[97 100 100 114 101 115 115 45 49 50 55 46 48 46 48 46 49 58 54 52 52 57 48]"
time="2022-01-05 20:40:04.752" level=info msg="[97 100 100 114 101 115 115 45 49 50 55 46 48 46 48 46 49 58 54 52 52 57 50]"
time="2022-01-05 20:40:05.754" level=info msg="[97 100 100 114 101 115 115 45 49 50 55 46 48 46 48 46 49 58 54 52 52 57 51]"
time="2022-01-05 20:40:06.770" level=info msg="[97 100 100 114 101 115 115 45 49 50 55 46 48 46 48 46 49 58 54 52 52 57 52]"
time="2022-01-05 20:40:06.985" level=fatal msg="context canceled"
time="2022-01-05 22:06:35.105" level=info msg="Http Server started :9008 ..."
time="2022-01-05 22:06:36.840" level=info msg="[97 100 100 114 101 115 115 45 49 50 55 46 48 46 48 46 49 58 53 48 50 52 48]"
time="2022-01-05 22:06:38.015" level=info msg="[97 100 100 114 101 115 115 45 49 50 55 46 48 46 48 46 49 58 53 48 50 52 53]"
time="2022-01-05 22:07:36.820" level=info msg="[97 100 100 114 101 115 115 45 49 50 55 46 48 46 48 46 49 58 53 48 50 54 56]"
time="2022-01-05 22:07:37.830" level=info msg="[97 100 100 114 101 115 115 45 49 50 55 46 48 46 48 46 49 58 53 48 50 55 48]"
time="2022-01-05 22:07:38.861" level=info msg="[97 100 100 114 101 115 115 45 49 50 55 46 48 46 48 46 49 58 53 48 50 55 49]"
time="2022-01-05 22:07:39.869" level=info msg="[97 100 100 114 101 115 115 45 49 50 55 46 48 46 48 46 49 58 53 48 50 55 50]"
time="2022-01-05 22:07:40.888" level=info msg="[97 100 100 114 101 115 115 45 49 50 55 46 48 46 48 46 49 58 53 48 50 55 52]"
time="2022-01-05 22:07:41.899" level=info msg="[97 100 100 114 101 115 115 45 49 50 55 46 48 46 48 46 49 58 53 48 50 55 53]"
time="2022-01-05 22:07:42.903" level=info msg="[97 100 100 114 101 115 115 45 49 50 55 46 48 46 48 46 49 58 53 48 50 55 54]"
time="2022-01-05 22:07:43.907" level=info msg="[97 100 100 114 101 115 115 45 49 50 55 46 48 46 48 46 49 58 53 48 50 55 55]"
time="2022-01-05 22:07:44.910" level=info msg="[97 100 100 114 101 115 115 45 49 50 55 46 48 46 48 46 49 58 53 48 50 55 56]"
time="2022-01-05 22:07:45.922" level=info msg="[97 100 100 114 101 115 115 45 49 50 55 46 48 46 48 46 49 58 53 48 50 55 57]"
time="2022-01-05 22:08:23.354" level=info msg="[97 100 100 114 101 115 115 45 49 50 55 46 48 46 48 46 49 58 53 48 50 56 57]"
time="2022-01-05 22:08:25.521" level=info msg="[97 100 100 114 101 115 115 45 49 50 55 46 48 46 48 46 49 58 53 48 50 56 57]"
time="2022-01-05 22:08:27.390" level=info msg="[97 100 100 114 101 115 115 45 49 50 55 46 48 46 48 46 49 58 53 48 50 56 57]"
time="2022-01-05 22:09:20.624" level=info msg="[97 100 100 114 101 115 115 45 49 50 55 46 48 46 48 46 49 58 53 48 51 48 48]"
time="2022-01-05 22:09:21.642" level=info msg="[97 100 100 114 101 115 115 45 49 50 55 46 48 46 48 46 49 58 53 48 51 48 52]"
time="2022-01-05 22:09:22.645" level=info msg="[97 100 100 114 101 115 115 45 49 50 55 46 48 46 48 46 49 58 53 48 51 48 55]"
time="2022-01-05 22:09:23.656" level=info msg="[97 100 100 114 101 115 115 45 49 50 55 46 48 46 48 46 49 58 53 48 51 48 56]"
time="2022-01-05 22:09:24.663" level=info msg="[97 100 100 114 101 115 115 45 49 50 55 46 48 46 48 46 49 58 53 48 51 48 57]"
time="2022-01-05 22:09:25.668" level=info msg="[97 100 100 114 101 115 115 45 49 50 55 46 48 46 48 46 49 58 53 48 51 49 48]"
time="2022-01-05 22:09:26.673" level=info msg="[97 100 100 114 101 115 115 45 49 50 55 46 48 46 48 46 49 58 53 48 51 49 49]"
time="2022-01-05 22:09:27.682" level=info msg="[97 100 100 114 101 115 115 45 49 50 55 46 48 46 48 46 49 58 53 48 51 49 50]"
time="2022-01-05 22:09:28.689" level=info msg="[97 100 100 114 101 115 115 45 49 50 55 46 48 46 48 46 49 58 53 48 51 49 52]"
time="2022-01-05 22:09:29.693" level=info msg="[97 100 100 114 101 115 115 45 49 50 55 46 48 46 48 46 49 58 53 48 51 49 53]"
time="2022-01-05 22:14:00.775" level=info msg="Get signal:interrupt"
time="2022-01-05 22:15:07.874" level=info msg="Http Server started :9008 ..."
time="2022-01-05 22:15:22.012" level=info msg="[97 100 100 114 101 115 115 45 49 50 55 46 48 46 48 46 49 58 53 52 49 53 50]"
time="2022-01-05 22:15:23.106" level=info msg="[97 100 100 114 101 115 115 45 49 50 55 46 48 46 48 46 49 58 53 52 49 53 53]"
time="2022-01-05 22:15:24.135" level=info msg="[97 100 100 114 101 115 115 45 49 50 55 46 48 46 48 46 49 58 53 52 49 53 54]"
time="2022-01-05 22:15:25.136" level=info msg="[97 100 100 114 101 115 115 45 49 50 55 46 48 46 48 46 49 58 53 52 49 53 56]"
time="2022-01-05 22:15:26.138" level=info msg="[97 100 100 114 101 115 115 45 49 50 55 46 48 46 48 46 49 58 53 52 49 54 50]"
time="2022-01-05 22:15:27.140" level=info msg="[97 100 100 114 101 115 115 45 49 50 55 46 48 46 48 46 49 58 53 52 49 54 51]"
time="2022-01-05 22:15:28.155" level=info msg="[97 100 100 114 101 115 115 45 49 50 55 46 48 46 48 46 49 58 53 52 49 54 52]"
time="2022-01-05 22:15:29.163" level=info msg="[97 100 100 114 101 115 115 45 49 50 55 46 48 46 48 46 49 58 53 52 49 54 53]"
time="2022-01-05 22:15:30.167" level=info msg="[97 100 100 114 101 115 115 45 49 50 55 46 48 46 48 46 49 58 53 52 49 54 54]"
time="2022-01-05 22:15:31.169" level=info msg="[97 100 100 114 101 115 115 45 49 50 55 46 48 46 48 46 49 58 53 52 49 54 55]"
time="2022-01-05 22:16:23.111" level=info msg="[97 100 100 114 101 115 115 45 49 50 55 46 48 46 48 46 49 58 54 49 48 57 53]"
time="2022-01-05 22:16:24.122" level=info msg="[97 100 100 114 101 115 115 45 49 50 55 46 48 46 48 46 49 58 54 49 48 57 55]"
time="2022-01-05 22:16:25.125" level=info msg="[97 100 100 114 101 115 115 45 49 50 55 46 48 46 48 46 49 58 54 49 48 57 56]"
time="2022-01-05 22:16:26.134" level=info msg="[97 100 100 114 101 115 115 45 49 50 55 46 48 46 48 46 49 58 54 49 48 57 57]"
time="2022-01-05 22:16:27.149" level=info msg="[97 100 100 114 101 115 115 45 49 50 55 46 48 46 48 46 49 58 54 49 49 48 48]"
time="2022-01-05 22:16:27.463" level=info msg="[97 100 100 114 101 115 115 45 49 50 55 46 48 46 48 46 49 58 54 49 49 48 49]"
time="2022-01-05 22:16:28.153" level=info msg="[97 100 100 114 101 115 115 45 49 50 55 46 48 46 48 46 49 58 54 49 49 48 50]"
time="2022-01-05 22:16:28.774" level=info msg="[97 100 100 114 101 115 115 45 49 50 55 46 48 46 48 46 49 58 54 49 49 48 49]"
time="2022-01-05 22:16:29.155" level=info msg="[97 100 100 114 101 115 115 45 49 50 55 46 48 46 48 46 49 58 54 49 49 48 51]"
time="2022-01-05 22:16:30.082" level=info msg="[97 100 100 114 101 115 115 45 49 50 55 46 48 46 48 46 49 58 54 49 49 48 49]"
time="2022-01-05 22:16:30.184" level=info msg="[97 100 100 114 101 115 115 45 49 50 55 46 48 46 48 46 49 58 54 49 49 48 52]"
time="2022-01-05 22:16:31.200" level=info msg="[97 100 100 114 101 115 115 45 49 50 55 46 48 46 48 46 49 58 54 49 49 48 53]"
time="2022-01-05 22:16:31.235" level=info msg="[97 100 100 114 101 115 115 45 49 50 55 46 48 46 48 46 49 58 54 49 49 48 49]"
time="2022-01-05 22:16:32.203" level=info msg="[97 100 100 114 101 115 115 45 49 50 55 46 48 46 48 46 49 58 54 49 49 48 54]"
time="2022-01-05 22:25:43.301" level=info msg="Get signal:interrupt"
time="2022-01-05 22:25:55.849" level=info msg="Http Server started :9008 ..."
time="2022-01-05 22:26:28.214" level=info msg="[97 100 100 114 101 115 115 45 49 50 55 46 48 46 48 46 49 58 53 49 56 56 56]"
time="2022-01-05 22:26:30.145" level=info msg="[97 100 100 114 101 115 115 45 49 50 55 46 48 46 48 46 49 58 53 49 56 56 56]"
time="2022-01-05 22:26:42.159" level=info msg="[97 100 100 114 101 115 115 45 49 50 55 46 48 46 48 46 49 58 53 52 57 57 51]"
time="2022-01-05 22:26:43.170" level=info msg="[97 100 100 114 101 115 115 45 49 50 55 46 48 46 48 46 49 58 53 52 57 57 52]"
time="2022-01-05 22:26:44.172" level=info msg="[97 100 100 114 101 115 115 45 49 50 55 46 48 46 48 46 49 58 53 52 57 57 53]"
time="2022-01-05 22:26:45.184" level=info msg="[97 100 100 114 101 115 115 45 49 50 55 46 48 46 48 46 49 58 53 52 57 57 54]"
time="2022-01-05 22:26:46.194" level=info msg="[97 100 100 114 101 115 115 45 49 50 55 46 48 46 48 46 49 58 53 52 57 57 55]"
time="2022-01-05 22:26:47.206" level=info msg="[97 100 100 114 101 115 115 45 49 50 55 46 48 46 48 46 49 58 53 55 54 51 51]"
time="2022-01-05 22:26:48.239" level=info msg="[97 100 100 114 101 115 115 45 49 50 55 46 48 46 48 46 49 58 53 55 54 51 52]"
time="2022-01-05 22:26:49.250" level=info msg="[97 100 100 114 101 115 115 45 49 50 55 46 48 46 48 46 49 58 53 55 54 51 53]"
time="2022-01-05 22:26:50.254" level=info msg="[97 100 100 114 101 115 115 45 49 50 55 46 48 46 48 46 49 58 53 55 54 51 54]"
time="2022-01-05 22:26:51.258" level=info msg="[97 100 100 114 101 115 115 45 49 50 55 46 48 46 48 46 49 58 53 55 54 51 55]"
time="2022-01-05 22:31:03.010" level=info msg="Get signal:interrupt"
time="2022-01-05 22:31:12.118" level=info msg="Http Server started :9008 ..."
time="2022-01-05 22:31:23.438" level=info msg="[97 100 100 114 101 115 115 45 49 50 55 46 48 46 48 46 49 58 54 53 48 55 50]"
time="2022-01-05 22:31:27.555" level=info msg="[97 100 100 114 101 115 115 45 49 50 55 46 48 46 48 46 49 58 54 53 48 55 50]"
time="2022-01-05 22:31:29.489" level=info msg="[97 100 100 114 101 115 115 45 49 50 55 46 48 46 48 46 49 58 54 53 48 55 50]"
time="2022-01-05 22:31:35.532" level=info msg="[97 100 100 114 101 115 115 45 49 50 55 46 48 46 48 46 49 58 53 57 53 52 57]"
time="2022-01-05 22:31:36.547" level=info msg="[97 100 100 114 101 115 115 45 49 50 55 46 48 46 48 46 49 58 54 49 57 52 56]"
time="2022-01-05 22:31:37.574" level=info msg="[97 100 100 114 101 115 115 45 49 50 55 46 48 46 48 46 49 58 54 49 57 52 57]"
time="2022-01-05 22:31:38.583" level=info msg="[97 100 100 114 101 115 115 45 49 50 55 46 48 46 48 46 49 58 54 49 57 53 48]"
time="2022-01-05 22:31:39.587" level=info msg="[97 100 100 114 101 115 115 45 49 50 55 46 48 46 48 46 49 58 54 49 57 53 50]"
time="2022-01-05 22:31:40.594" level=info msg="[97 100 100 114 101 115 115 45 49 50 55 46 48 46 48 46 49 58 54 49 57 53 51]"
time="2022-01-05 22:31:41.601" level=info msg="[97 100 100 114 101 115 115 45 49 50 55 46 48 46 48 46 49 58 54 49 57 53 52]"
time="2022-01-05 22:31:42.605" level=info msg="[97 100 100 114 101 115 115 45 49 50 55 46 48 46 48 46 49 58 54 49 57 53 53]"
time="2022-01-05 22:31:43.607" level=info msg="[97 100 100 114 101 115 115 45 49 50 55 46 48 46 48 46 49 58 54 49 57 53 54]"
time="2022-01-05 22:31:44.611" level=info msg="[97 100 100 114 101 115 115 45 49 50 55 46 48 46 48 46 49 58 54 49 57 53 55]"
